2025-07-22 09:48:06,156 - __main__ - INFO - IP: 2402:e280:2130:1c7:4922:a861:49b3:20ba, City: Bengaluru, Country: India
2025-07-22 09:48:41,781 - __main__ - INFO - IP: 2402:e280:2130:1c7:4922:a861:49b3:20ba, City: Bengaluru, Country: India
2025-07-22 09:49:06,676 - __main__ - INFO - IP: 2402:e280:2130:1c7:4922:a861:49b3:20ba, City: Bengaluru, Country: India
2025-07-22 09:50:29,016 - __main__ - INFO - Region: Karnataka, City: Bengaluru, Country: India
2025-07-22 09:27:28,628 - __main__ - INFO - Region: Virginia, City: Boydton, Country: United States
2025-07-23 09:29:01,153 - __main__ - INFO - Region: Iowa, City: Des Moines, Country: United States
2025-07-24 09:27:13,970 - __main__ - INFO - Region: Virginia, City: Washington, Country: United States
2025-07-25 09:26:36,427 - __main__ - INFO - Region: Illinois, City: Chicago, Country: United States
2025-07-26 09:21:58,519 - __main__ - INFO - Region: California, City: San Jose, Country: United States
2025-07-27 09:22:14,344 - __main__ - INFO - Region: Virginia, City: Boydton, Country: United States
2025-07-28 09:30:20,873 - __main__ - INFO - Region: Virginia, City: Washington, Country: United States
2025-07-29 09:28:10,781 - __main__ - INFO - Region: Virginia, City: Washington, Country: United States
2025-07-30 09:30:02,559 - __main__ - INFO - Region: California, City: San Jose, Country: United States
2025-07-31 09:28:32,071 - __main__ - INFO - Region: California, City: San Jose, Country: United States
2025-08-01 09:28:09,134 - __main__ - INFO - Region: Virginia, City: Ashburn, Country: United States
2025-08-02 09:24:55,623 - __main__ - INFO - Region: Arizona, City: Phoenix, Country: United States
2025-08-03 09:22:13,513 - __main__ - INFO - Region: Illinois, City: Chicago, Country: United States
2025-08-04 09:34:18,475 - __main__ - INFO - Region: Virginia, City: Washington, Country: United States
2025-08-05 09:29:18,806 - __main__ - INFO - Region: California, City: San Jose, Country: United States
2025-08-06 09:30:03,252 - __main__ - INFO - Region: Illinois, City: Chicago, Country: United States
2025-08-07 09:28:35,620 - __main__ - INFO - Region: California, City: San Jose, Country: United States
2025-08-08 09:29:07,303 - __main__ - INFO - Region: Virginia, City: Boydton, Country: United States
2025-08-10 09:22:08,491 - __main__ - INFO - Region: Illinois, City: Chicago, Country: United States
2025-08-11 09:28:11,699 - __main__ - INFO - Region: Virginia, City: Boydton, Country: United States
2025-08-12 09:25:03,082 - __main__ - INFO - Region: Iowa, City: Des Moines, Country: United States
2025-08-13 09:25:06,459 - __main__ - INFO - Region: Arizona, City: Phoenix, Country: United States
2025-08-14 09:25:28,634 - __main__ - INFO - Region: California, City: San Jose, Country: United States
2025-08-16 09:20:50,725 - __main__ - INFO - Region: California, City: San Jose, Country: United States
2025-08-17 09:20:27,874 - __main__ - INFO - Region: California, City: San Jose, Country: United States
2025-08-18 09:27:37,818 - __main__ - INFO - Region: Illinois, City: Chicago, Country: United States
2025-08-19 09:22:30,601 - __main__ - INFO - Region: Virginia, City: Washington, Country: United States
2025-08-20 09:23:05,432 - __main__ - INFO - Region: Virginia, City: Washington, Country: United States
2025-08-21 09:22:47,041 - __main__ - INFO - Region: Iowa, City: Des Moines, Country: United States
2025-08-22 09:22:15,590 - __main__ - INFO - Region: Virginia, City: Washington, Country: United States
2025-08-23 09:19:16,346 - __main__ - INFO - Region: Illinois, City: Chicago, Country: United States
2025-08-24 09:19:16,634 - __main__ - INFO - Region: Virginia, City: Washington, Country: United States
2025-08-25 09:23:56,419 - __main__ - INFO - Region: California, City: San Jose, Country: United States
2025-08-26 09:23:09,979 - __main__ - INFO - Region: Illinois, City: Chicago, Country: United States
2025-08-27 09:21:34,882 - __main__ - INFO - Region: Virginia, City: Boydton, Country: United States
2025-08-28 09:21:42,576 - __main__ - INFO - Region: Virginia, City: Washington, Country: United States
2025-08-29 09:21:33,744 - __main__ - INFO - Region: Virginia, City: Boydton, Country: United States
2025-08-30 09:18:15,669 - __main__ - INFO - Region: California, City: San Jose, Country: United States
2025-08-31 09:18:07,943 - __main__ - INFO - Region: Virginia, City: Boydton, Country: United States
2025-09-01 09:24:43,645 - __main__ - INFO - Region: Iowa, City: Des Moines, Country: United States
2025-09-02 09:22:14,704 - __main__ - INFO - Region: California, City: San Jose, Country: United States
2025-09-03 09:20:39,335 - __main__ - INFO - Region: California, City: San Jose, Country: United States
2025-09-04 09:20:33,277 - __main__ - INFO - Region: Iowa, City: Des Moines, Country: United States
2025-09-05 09:20:39,382 - __main__ - INFO - Region: Virginia, City: Washington, Country: United States
2025-09-06 09:17:48,406 - __main__ - INFO - Region: Iowa, City: Des Moines, Country: United States
2025-09-07 09:17:56,103 - __main__ - INFO - Region: Wyoming, City: Cheyenne, Country: United States
2025-09-08 09:24:09,837 - __main__ - INFO - Region: California, City: San Jose, Country: United States
2025-09-09 09:22:27,891 - __main__ - INFO - Region: California, City: San Jose, Country: United States
2025-09-10 09:20:35,172 - __main__ - INFO - Region: Virginia, City: Washington, Country: United States
2025-09-11 09:20:30,958 - __main__ - INFO - Region: California, City: San Jose, Country: United States
2025-09-12 09:20:12,120 - __main__ - INFO - Region: Illinois, City: Chicago, Country: United States
2025-09-13 09:17:32,975 - __main__ - INFO - Region: Illinois, City: Chicago, Country: United States
2025-09-14 09:17:41,534 - __main__ - INFO - Region: Virginia, City: Boydton, Country: United States
2025-09-15 09:23:36,714 - __main__ - INFO - Region: Arizona, City: Phoenix, Country: United States
2025-09-16 09:22:16,347 - __main__ - INFO - Region: Virginia, City: Boydton, Country: United States
2025-09-17 09:20:52,369 - __main__ - INFO - Region: Virginia, City: Washington, Country: United States
2025-09-18 09:20:52,806 - __main__ - INFO - Region: Illinois, City: Chicago, Country: United States
2025-09-19 09:21:30,979 - __main__ - INFO - Region: Iowa, City: Des Moines, Country: United States
2025-09-20 09:18:23,612 - __main__ - INFO - Region: Virginia, City: Boydton, Country: United States
2025-09-21 09:17:42,521 - __main__ - INFO - Region: Virginia, City: Boydton, Country: United States
2025-09-22 09:24:48,222 - __main__ - INFO - Region: Virginia, City: Boydton, Country: United States
2025-09-23 09:21:51,591 - __main__ - INFO - Region: Iowa, City: Des Moines, Country: United States
2025-09-24 09:22:01,141 - __main__ - INFO - Region: Illinois, City: Chicago, Country: United States
2025-09-25 09:21:38,744 - __main__ - INFO - Region: California, City: San Jose, Country: United States
2025-09-26 09:22:05,239 - __main__ - INFO - Region: Wyoming, City: Cheyenne, Country: United States
2025-09-27 09:17:43,126 - __main__ - INFO - Region: Iowa, City: Des Moines, Country: United States
2025-09-28 09:17:48,964 - __main__ - INFO - Region: Virginia, City: Boydton, Country: United States
2025-09-29 09:23:58,948 - __main__ - INFO - Region: Virginia, City: Boydton, Country: United States
2025-09-30 09:21:37,360 - __main__ - INFO - Region: Virginia, City: Boydton, Country: United States
2025-10-01 09:22:24,050 - __main__ - INFO - Region: Iowa, City: Des Moines, Country: United States
2025-10-02 09:20:14,550 - __main__ - INFO - Region: California, City: San Jose, Country: United States
2025-10-03 09:19:39,015 - __main__ - INFO - Region: California, City: San Jose, Country: United States
2025-10-04 09:17:46,445 - __main__ - INFO - Region: Arizona, City: Phoenix, Country: United States
2025-10-05 09:17:32,761 - __main__ - INFO - Region: Arizona, City: Phoenix, Country: United States
2025-10-06 09:24:42,384 - __main__ - INFO - Region: Arizona, City: Phoenix, Country: United States
2025-10-07 09:21:41,268 - __main__ - INFO - Region: California, City: San Jose, Country: United States
2025-10-08 09:22:05,587 - __main__ - INFO - Region: Virginia, City: Boydton, Country: United States
2025-10-09 09:21:28,508 - __main__ - INFO - Region: California, City: San Jose, Country: United States
2025-10-10 09:22:06,860 - __main__ - INFO - Region: Virginia, City: Boydton, Country: United States
2025-10-11 09:18:08,363 - __main__ - INFO - Region: California, City: San Jose, Country: United States
2025-10-12 09:18:02,907 - __main__ - INFO - Region: Virginia, City: Washington, Country: United States
2025-10-13 09:24:56,928 - __main__ - INFO - Region: Virginia, City: Boydton, Country: United States
2025-10-14 09:22:34,669 - __main__ - INFO - Region: Virginia, City: Boydton, Country: United States
2025-10-15 09:22:38,311 - __main__ - INFO - Region: Virginia, City: Boydton, Country: United States
2025-10-16 09:23:18,496 - __main__ - INFO - Region: Wyoming, City: Cheyenne, Country: United States
2025-10-17 09:22:21,543 - __main__ - INFO - Region: Virginia, City: Boydton, Country: United States
2025-10-18 09:18:57,084 - __main__ - INFO - Region: California, City: San Jose, Country: United States
2025-10-19 09:18:22,819 - __main__ - INFO - Region: California, City: San Jose, Country: United States
2025-10-20 09:24:21,232 - __main__ - INFO - Region: Virginia, City: Boydton, Country: United States
2025-10-21 09:23:18,640 - __main__ - INFO - Region: Virginia, City: Washington, Country: United States
2025-10-22 09:24:11,495 - __main__ - INFO - Region: California, City: San Jose, Country: United States
2025-10-23 09:23:27,496 - __main__ - INFO - Region: Virginia, City: Boydton, Country: United States
2025-10-24 09:22:45,888 - __main__ - INFO - Region: Virginia, City: Washington, Country: United States
2025-10-25 09:18:50,215 - __main__ - INFO - Region: Virginia, City: Boydton, Country: United States
2025-10-26 09:18:47,424 - __main__ - INFO - Region: Illinois, City: Chicago, Country: United States
2025-10-27 09:26:06,551 - __main__ - INFO - Region: California, City: San Jose, Country: United States
2025-10-28 09:22:43,290 - __main__ - INFO - Region: Wyoming, City: Cheyenne, Country: United States
2025-10-29 09:22:08,787 - __main__ - INFO - Region: California, City: San Jose, Country: United States
2025-10-30 09:23:05,614 - __main__ - INFO - Region: Virginia, City: Boydton, Country: United States
2025-10-31 09:22:57,300 - __main__ - INFO - Region: California, City: San Jose, Country: United States
2025-11-01 09:19:17,319 - __main__ - INFO - Region: California, City: San Jose, Country: United States
2025-11-02 09:18:26,995 - __main__ - INFO - Region: California, City: San Jose, Country: United States
2025-11-03 09:26:29,122 - __main__ - INFO - Region: Wyoming, City: Cheyenne, Country: United States
2025-11-04 09:24:21,983 - __main__ - INFO - Region: Iowa, City: Des Moines, Country: United States
2025-11-05 09:24:30,669 - __main__ - INFO - Region: Wyoming, City: Cheyenne, Country: United States
2025-11-06 09:23:53,574 - __main__ - INFO - Region: Virginia, City: Boydton, Country: United States
2025-11-07 09:22:06,743 - __main__ - INFO - Region: California, City: San Jose, Country: United States
2025-11-08 09:19:02,236 - __main__ - INFO - Region: Arizona, City: Phoenix, Country: United States
2025-11-09 09:18:43,580 - __main__ - INFO - Region: Virginia, City: Washington, Country: United States
2025-11-10 09:26:23,238 - __main__ - INFO - Region: Illinois, City: Chicago, Country: United States
2025-11-11 09:24:05,520 - __main__ - INFO - Region: Illinois, City: Chicago, Country: United States
2025-11-12 09:23:51,897 - __main__ - INFO - Region: Illinois, City: Chicago, Country: United States
2025-11-13 09:24:14,344 - __main__ - INFO - Region: Arizona, City: Phoenix, Country: United States
2025-11-14 09:23:15,815 - __main__ - INFO - Region: Arizona, City: Phoenix, Country: United States
2025-11-15 09:19:35,500 - __main__ - INFO - Region: Arizona, City: Phoenix, Country: United States
2025-11-16 09:19:58,570 - __main__ - INFO - Region: Virginia, City: Boydton, Country: United States
2025-11-17 09:27:03,563 - __main__ - INFO - Region: Arizona, City: Phoenix, Country: United States
2025-11-18 09:24:19,438 - __main__ - INFO - Region: Virginia, City: Washington, Country: United States
2025-11-19 09:25:10,904 - __main__ - INFO - Region: Illinois, City: Chicago, Country: United States
2025-11-20 09:22:55,220 - __main__ - INFO - Region: Virginia, City: Washington, Country: United States
2025-11-21 09:22:52,972 - __main__ - INFO - Region: Arizona, City: Phoenix, Country: United States
2025-11-22 09:19:57,385 - __main__ - INFO - Region: Virginia, City: Boydton, Country: United States
2025-11-23 09:20:05,361 - __main__ - INFO - Region: Virginia, City: Washington, Country: United States
2025-11-24 09:26:58,671 - __main__ - INFO - Region: California, City: San Jose, Country: United States
2025-11-25 09:26:12,718 - __main__ - INFO - Region: Illinois, City: Chicago, Country: United States
2025-11-26 09:25:28,886 - __main__ - INFO - Region: Virginia, City: Washington, Country: United States
2025-11-27 09:25:07,178 - __main__ - INFO - Region: California, City: San Jose, Country: United States
2025-11-28 09:23:22,692 - __main__ - INFO - Region: Illinois, City: Chicago, Country: United States
2025-11-29 09:21:09,426 - __main__ - INFO - Region: Illinois, City: Chicago, Country: United States
2025-11-30 09:19:52,070 - __main__ - INFO - Region: Illinois, City: Chicago, Country: United States
2025-12-01 09:31:07,519 - __main__ - INFO - Region: California, City: San Jose, Country: United States
2025-12-02 09:27:51,961 - __main__ - INFO - Region: Arizona, City: Phoenix, Country: United States
2025-12-03 09:26:27,814 - __main__ - INFO - Region: Virginia, City: Boydton, Country: United States
2025-12-04 09:27:06,451 - __main__ - INFO - Region: Illinois, City: Chicago, Country: United States
2025-12-05 09:24:15,391 - __main__ - INFO - Region: Illinois, City: Chicago, Country: United States
2025-12-06 09:20:45,520 - __main__ - INFO - Region: Illinois, City: Chicago, Country: United States
2025-12-07 09:20:45,415 - __main__ - INFO - Region: Illinois, City: Chicago, Country: United States
2025-12-08 09:30:41,800 - __main__ - INFO - Region: Virginia, City: Washington, Country: United States
2025-12-09 09:26:22,972 - __main__ - INFO - Region: California, City: San Jose, Country: United States
2025-12-10 09:27:15,298 - __main__ - INFO - Region: Arizona, City: Phoenix, Country: United States
2025-12-11 09:27:47,220 - __main__ - INFO - Region: Arizona, City: Phoenix, Country: United States
2025-12-12 09:27:09,516 - __main__ - INFO - Region: California, City: San Jose, Country: United States
2025-12-13 09:21:31,004 - __main__ - INFO - Region: Arizona, City: Phoenix, Country: United States
2025-12-14 09:21:55,235 - __main__ - INFO - Region: Iowa, City: Des Moines, Country: United States
2025-12-15 09:34:17,419 - __main__ - INFO - Region: Virginia, City: Washington, Country: United States
2025-12-16 09:28:28,344 - __main__ - INFO - Region: Illinois, City: Chicago, Country: United States
2025-12-17 09:29:33,714 - __main__ - INFO - Region: Virginia, City: Boydton, Country: United States
2025-12-18 09:28:59,532 - __main__ - INFO - Region: Arizona, City: Phoenix, Country: United States
2025-12-19 09:26:44,382 - __main__ - INFO - Region: Wyoming, City: Cheyenne, Country: United States
2025-12-20 09:21:29,343 - __main__ - INFO - Region: Illinois, City: Chicago, Country: United States
2025-12-21 09:22:07,357 - __main__ - INFO - Region: California, City: San Jose, Country: United States
2025-12-22 09:30:46,675 - __main__ - INFO - Region: California, City: San Jose, Country: United States
2025-12-23 09:27:20,872 - __main__ - INFO - Region: Virginia, City: Washington, Country: United States
2025-12-24 09:26:20,117 - __main__ - INFO - Region: Iowa, City: Des Moines, Country: United States
2025-12-25 09:25:41,323 - __main__ - INFO - Region: Arizona, City: Phoenix, Country: United States
2025-12-26 09:25:10,542 - __main__ - INFO - Region: Virginia, City: Boydton, Country: United States
2025-12-27 09:22:23,748 - __main__ - INFO - Region: Virginia, City: Washington, Country: United States
2025-12-28 09:22:33,474 - __main__ - INFO - Region: Virginia, City: Boydton, Country: United States
2025-12-29 09:32:43,668 - __main__ - INFO - Region: Arizona, City: Phoenix, Country: United States
2025-12-30 09:27:31,002 - __main__ - INFO - Region: Illinois, City: Chicago, Country: United States
2025-12-31 09:26:58,085 - __main__ - INFO - Region: Wyoming, City: Cheyenne, Country: United States
2026-01-01 09:26:54,789 - __main__ - INFO - Region: Virginia, City: Boydton, Country: United States
2026-01-02 09:26:34,936 - __main__ - INFO - Region: Iowa, City: Des Moines, Country: United States
2026-01-03 09:22:36,828 - __main__ - INFO - Region: Virginia, City: Washington, Country: United States
2026-01-04 09:21:33,995 - __main__ - INFO - Region: Virginia, City: Washington, Country: United States
2026-01-05 09:34:44,453 - __main__ - INFO - Region: Iowa, City: Des Moines, Country: United States
2026-01-07 09:30:06,071 - __main__ - INFO - Region: Arizona, City: Phoenix, Country: United States
2026-01-08 09:30:16,921 - __main__ - INFO - Region: Arizona, City: Phoenix, Country: United States
2026-01-09 09:30:05,060 - __main__ - INFO - Region: California, City: San Jose, Country: United States
2026-01-10 09:22:41,466 - __main__ - INFO - Region: Virginia, City: Boydton, Country: United States
2026-01-11 09:23:05,682 - __main__ - INFO - Region: California, City: San Jose, Country: United States
2026-01-12 09:34:56,651 - __main__ - INFO - Region: Virginia, City: Boydton, Country: United States
2026-01-13 09:30:24,642 - __main__ - INFO - Region: California, City: San Jose, Country: United States
2026-01-14 09:31:28,555 - __main__ - INFO - Region: California, City: San Jose, Country: United States
2026-01-15 09:30:07,236 - __main__ - INFO - Region: California, City: San Jose, Country: United States
2026-01-16 09:29:09,433 - __main__ - INFO - Region: Virginia, City: Boydton, Country: United States
2026-01-17 09:22:26,610 - __main__ - INFO - Region: Illinois, City: Chicago, Country: United States
2026-01-18 09:23:20,784 - __main__ - INFO - Region: Iowa, City: Des Moines, Country: United States
2026-01-19 09:36:46,423 - __main__ - INFO - Region: Arizona, City: Phoenix, Country: United States
2026-01-20 09:35:05,585 - __main__ - INFO - Region: Wyoming, City: Cheyenne, Country: United States
2026-01-21 09:34:53,924 - __main__ - INFO - Region: Virginia, City: Boydton, Country: United States
2026-01-22 09:34:53,555 - __main__ - INFO - Region: Wyoming, City: Cheyenne, Country: United States
2026-01-23 09:32:58,828 - __main__ - INFO - Region: California, City: San Jose, Country: United States
2026-01-24 09:23:17,430 - __main__ - INFO - Region: Illinois, City: Chicago, Country: United States
2026-01-25 09:24:18,332 - __main__ - INFO - Region: Wyoming, City: Cheyenne, Country: United States
2026-01-26 09:36:41,409 - __main__ - INFO - Region: California, City: San Jose, Country: United States
2026-01-27 09:35:32,084 - __main__ - INFO - Region: Iowa, City: Des Moines, Country: United States
2026-01-28 09:36:28,200 - __main__ - INFO - Region: California, City: San Jose, Country: United States
2026-01-30 09:40:29,608 - __main__ - INFO - Region: Iowa, City: Des Moines, Country: United States
2026-01-31 09:30:32,342 - __main__ - INFO - Region: California, City: San Jose, Country: United States
2026-02-01 09:33:40,805 - __main__ - INFO - Region: Arizona, City: Phoenix, Country: United States
2026-02-02 09:53:19,058 - __main__ - INFO - Region: Virginia, City: Boydton, Country: United States
2026-02-03 09:44:29,379 - __main__ - INFO - Region: California, City: San Jose, Country: United States
2026-02-04 09:47:32,693 - __main__ - INFO - Region: Illinois, City: Chicago, Country: United States
2026-02-05 09:49:30,934 - __main__ - INFO - Region: Arizona, City: Phoenix, Country: United States
